<?xml version="1.0" encoding="UTF-8"?>
<testsuite name="com.telran.addressbook.tests.GroupCreationTests" tests="1" skipped="0" failures="0" errors="0" timestamp="2018-10-30T20:30:02" hostname="DESKTOP-SIOV096" time="2.204">
  <properties/>
  <testcase name="testGroupCreation" classname="com.telran.addressbook.tests.GroupCreationTests" time="2.204"/>
  <system-out><![CDATA[]]></system-out>
  <system-err><![CDATA[]]></system-err>
</testsuite>
