<?xml version="1.0" encoding="UTF-8"?>
<testsuite name="com.telran.addressbook.tests.GroupCreationTests" tests="1" skipped="0" failures="0" errors="0" timestamp="2018-10-29T17:13:09" hostname="DESKTOP-SIOV096" time="3.881">
  <properties/>
  <testcase name="testGroupCreation" classname="com.telran.addressbook.tests.GroupCreationTests" time="3.881"/>
  <system-out><![CDATA[]]></system-out>
  <system-err><![CDATA[]]></system-err>
</testsuite>
